<?xml version="1.0" encoding="utf-8"?><testsuites name="pytest tests"><testsuite name="pytest" errors="0" failures="0" skipped="0" tests="27" time="3.029" timestamp="2026-06-29T08:02:59.347360+00:00" hostname="agent-env-a4d2211d-69a6-4631-8dd2-2c9ff12fdd3d"><testcase classname="tests.test_nextgen_api.TestAuth" name="test_login_success" time="0.361" /><testcase classname="tests.test_nextgen_api.TestProjects" name="test_list_projects" time="0.360" /><testcase classname="tests.test_nextgen_api.TestProjects" name="test_featured_filter" time="0.044" /><testcase classname="tests.test_nextgen_api.TestAuth" name="test_login_wrong_password" time="0.318" /><testcase classname="tests.test_nextgen_api.TestProjects" name="test_category_filter" time="0.277" /><testcase classname="tests.test_nextgen_api.TestProjects" name="test_project_detail" time="0.280" /><testcase classname="tests.test_nextgen_api.TestAuth" name="test_me_with_bearer" time="0.360" /><testcase classname="tests.test_nextgen_api.TestProjects" name="test_project_not_found" time="0.054" /><testcase classname="tests.test_nextgen_api.TestBlog" name="test_list_blog" time="0.044" /><testcase classname="tests.test_nextgen_api.TestAuth" name="test_me_no_token" time="0.132" /><testcase classname="tests.test_nextgen_api.TestBlog" name="test_blog_detail" time="0.048" /><testcase classname="tests.test_nextgen_api.TestBlog" name="test_blog_category_filter" time="0.044" /><testcase classname="tests.test_nextgen_api.TestBlog" name="test_blog_not_found" time="0.094" /><testcase classname="tests.test_nextgen_api.TestAuth" name="test_logout" time="0.096" /><testcase classname="tests.test_nextgen_api.TestAdminLeads" name="test_list_leads_authenticated" time="0.387" /><testcase classname="tests.test_nextgen_api.TestAdminBlog" name="test_create_blog" time="0.527" /><testcase classname="tests.test_nextgen_api.TestAdminLeads" name="test_patch_status_valid" time="0.191" /><testcase classname="tests.test_nextgen_api.TestAdminBlog" name="test_create_duplicate_slug" time="0.146" /><testcase classname="tests.test_nextgen_api.TestAdminLeads" name="test_patch_status_invalid" time="0.097" /><testcase classname="tests.test_nextgen_api.TestAdminBlog" name="test_update_blog" time="0.190" /><testcase classname="tests.test_nextgen_api.TestAdminLeads" name="test_delete_lead" time="0.207" /><testcase classname="tests.test_nextgen_api.TestAdminBlog" name="test_delete_blog" time="0.241" /><testcase classname="tests.test_nextgen_api.TestLeadsPublic" name="test_create_lead_full_payload" time="0.050" /><testcase classname="tests.test_nextgen_api.TestLeadsPublic" name="test_list_leads_unauthenticated" time="0.093" /><testcase classname="tests.test_nextgen_api.TestLeadsPublic" name="test_patch_lead_unauthenticated" time="0.126" /><testcase classname="tests.test_nextgen_api.TestHealth" name="test_root" time="0.093" /><testcase classname="tests.test_nextgen_api.TestHealth" name="test_stats" time="0.049" /></testsuite></testsuites>